
> ifl-app@2.1.0 pages:build
> npx @cloudflare/next-on-pages@1

⚡️ @cloudflare/next-on-pages CLI v.1.13.16
⚡️ Detected Package Manager: npm (10.8.2)
⚡️ Preparing project...
⚡️ Project is ready
⚡️ Building project...
▲  Vercel CLI 47.0.4
▲  > NOTE: The Vercel CLI now collects telemetry regarding usage of the CLI.
▲  > This information is used to shape the CLI roadmap and prioritize features.
▲  > You can learn more, including how to opt-out if you'd not like to participate in this program, by visiting the following URL:
▲  > https://vercel.com/docs/cli/about-telemetry
▲  WARN! Build not running on Vercel. System environment variables will not be available.
▲  Warning: Detected "engines": { "node": ">=18.0.0" } in your `package.json` that will automatically upgrade when a new major Node.js Version is released. Learn More: http://vercel.link/node-version
▲  Installing dependencies...
▲  up to date in 1s
▲  
▲  63 packages are looking for funding
▲  run `npm fund` for details
▲  Detected Next.js version: 15.2.4
▲  Running "npm run build"
▲  > ifl-app@2.1.0 build
▲  > next build
▲  ⚠ Invalid next.config.js options detected:
▲  ⚠     Unrecognized key(s) in object: 'runtime' at "experimental"
▲  ⚠ See more info here: https://nextjs.org/docs/messages/invalid-next-config
▲  Attention: Next.js now collects completely anonymous telemetry regarding usage.
▲  This information is used to shape Next.js' roadmap and prioritize features.
▲  You can learn more, including how to opt-out if you'd not like to participate in this anonymous program, by visiting the following URL:
▲  https://nextjs.org/telemetry
▲  ▲ Next.js 15.2.4
▲  
▲  Skipping validation of types
▲  Skipping linting
▲  Creating an optimized production build ...
▲  <w> [webpack.cache.PackFileCacheStrategy] Serializing big strings (215kiB) impacts deserialization performance (consider using Buffer instead and decode when needed)
▲  ⚠ Compiled with warnings
▲  ./node_modules/bcryptjs/dist/bcrypt.js
▲  A Node.js API is used (process.nextTick at line: 351) which is not supported in the Edge Runtime.
▲  Learn more: https://nextjs.org/docs/api-reference/edge-runtime
▲  
▲  Import trace for requested module:
▲  ./node_modules/bcryptjs/dist/bcrypt.js
▲  ./lib/auth.js
▲  
▲  ./node_modules/bcryptjs/dist/bcrypt.js
▲  A Node.js API is used (setImmediate at line: 352) which is not supported in the Edge Runtime.
▲  Learn more: https://nextjs.org/docs/api-reference/edge-runtime
▲  
▲  Import trace for requested module:
▲  ./node_modules/bcryptjs/dist/bcrypt.js
▲  ./lib/auth.js
▲  
▲  ./node_modules/bcryptjs/dist/bcrypt.js
▲  A Node.js API is used (setImmediate at line: 352) which is not supported in the Edge Runtime.
▲  Learn more: https://nextjs.org/docs/api-reference/edge-runtime
▲  
▲  Import trace for requested module:
▲  ./node_modules/bcryptjs/dist/bcrypt.js
▲  ./lib/auth.js
▲  
▲  ./node_modules/bcryptjs/dist/bcrypt.js
▲  A Node.js API is used (process.nextTick at line: 352) which is not supported in the Edge Runtime.
▲  Learn more: https://nextjs.org/docs/api-reference/edge-runtime
▲  
▲  Import trace for requested module:
▲  ./node_modules/bcryptjs/dist/bcrypt.js
▲  ./lib/auth.js
▲  
▲  ./node_modules/next/dist/esm/server/use-cache/handlers.js
▲  A Node.js API is used (process.pid at line: 3) which is not supported in the Edge Runtime.
▲  Learn more: https://nextjs.org/docs/api-reference/edge-runtime
▲  
▲  Import trace for requested module:
▲  ./node_modules/next/dist/esm/server/use-cache/handlers.js
▲  ✓ Compiled successfully
▲  Collecting page data ...
▲  Generating static pages (0/12) ...
▲  Generating static pages (3/12)
▲  Generating static pages (6/12)
▲  Generating static pages (9/12)
▲  ✓ Generating static pages (12/12)
▲  Finalizing page optimization ...
▲  Collecting build traces ...
▲  
▲  Route (pages)                                Size  First Load JS
▲  ┌ ○ /                                     3.78 kB          86 kB
▲  ├   /_app                                     0 B        80.1 kB
▲  ├ ○ /404                                    567 B        80.6 kB
▲  ├ ○ /admin                                7.02 kB        89.2 kB
▲  ├ ƒ /api/admin/add-categories                 0 B        80.1 kB
▲  ├ ƒ /api/admin/payments                       0 B        80.1 kB
▲  ├ ƒ /api/admin/prices                         0 B        80.1 kB
▲  ├ ƒ /api/admin/questions                      0 B        80.1 kB
▲  ├ ƒ /api/admin/stats                          0 B        80.1 kB
▲  ├ ƒ /api/admin/users                          0 B        80.1 kB
▲  ├ ƒ /api/admin/validate-payment               0 B        80.1 kB
▲  ├ ƒ /api/auth/login                           0 B        80.1 kB
▲  ├ ƒ /api/auth/me                              0 B        80.1 kB
▲  ├ ƒ /api/auth/register                        0 B        80.1 kB
▲  ├ ƒ /api/auth/status                          0 B        80.1 kB
▲  ├ ƒ /api/init-db                              0 B        80.1 kB
▲  ├ ƒ /api/payment/request                      0 B        80.1 kB
▲  ├ ƒ /api/payments/create                      0 B        80.1 kB
▲  ├ ƒ /api/quiz/categories                      0 B        80.1 kB
▲  ├ ƒ /api/quiz/progress                        0 B        80.1 kB
▲  ├ ƒ /api/quiz/questions                       0 B        80.1 kB
▲  ├ ƒ /api/setup                                0 B        80.1 kB
▲  ├ ƒ /api/setup-db                             0 B        80.1 kB
▲  ├ ○ /courses/[type]                       59.2 kB         141 kB
▲  ├ ○ /dashboard                            4.56 kB        86.8 kB
▲  ├ ○ /demo                                 3.89 kB        86.1 kB
▲  ├ ○ /help                                 3.07 kB        85.3 kB
▲  ├ ○ /login                                2.32 kB        84.5 kB
▲  ├ ○ /payment                              3.26 kB        85.5 kB
▲  ├ ○ /quiz/[id]                            2.86 kB        85.1 kB
▲  └ ○ /register                             2.53 kB        84.7 kB
▲  + First Load JS shared by all               86 kB
▲  ├ chunks/framework-ee17a4c43a44d3e2.js  44.7 kB
▲  ├ chunks/main-99fa197f23f793be.js       33.9 kB
▲  └ other shared chunks (total)           7.46 kB
▲  ○  (Static)   prerendered as static content
▲  ƒ  (Dynamic)  server-rendered on demand
▲  Collected static files (public/, static/, .next/static): 8.309ms
▲  Build Completed in .vercel/output [32s]
⚡️ Completed `npx vercel build`.

⚡️ Build Summary (@cloudflare/next-on-pages v1.13.16)
⚡️ 
⚡️ Edge Function Routes (19)
⚡️   ┌ /api/admin/add-categories
⚡️   ├ /api/admin/payments
⚡️   ├ /api/admin/prices
⚡️   ├ /api/admin/questions
⚡️   ├ /api/admin/stats
⚡️   ├ /api/admin/users
⚡️   ├ /api/admin/validate-payment
⚡️   ├ /api/auth/login
⚡️   ├ /api/auth/me
⚡️   ├ /api/auth/register
⚡️   ├ /api/auth/status
⚡️   ├ /api/init-db
⚡️   ├ /api/payment/request
⚡️   ├ /api/payments/create
⚡️   ├ /api/quiz/categories
⚡️   ├ /api/quiz/progress
⚡️   ├ /api/quiz/questions
⚡️   ├ /api/setup
⚡️   └ /api/setup-db
⚡️ 
⚡️ Other Static Assets (37)
⚡️   ┌ /404.html
⚡️   ├ /500.html
⚡️   ├ /admin.html
⚡️   ├ /courses/[type].html
⚡️   └ ... 33 more

⚡️ Build log saved to '.vercel/output/static/_worker.js/nop-build-log.json'
⚡️ Generated '.vercel/output/static/_worker.js/index.js'.
⚡️ Build completed in 3.21s
